<?xml version="1.0" encoding="UTF-8"?>
<!-- Generated by org.testng.reporters.JUnitReportReporter -->
<testsuite hostname="DESKTOP-88TRH62" failures="0" tests="1" name="testscripts.Testcase1" time="10.948" errors="0" timestamp="2022-04-03T16:30:48 IST" skipped="0">
  <testcase classname="testscripts.Testcase1" name="tc1" time="10.948"/>
  <system-out/>
</testsuite> <!-- testscripts.Testcase1 -->
