<?xml version="1.0" encoding="UTF-8"?>
<!-- Generated by org.testng.reporters.JUnitReportReporter -->
<testsuite hostname="DESKTOP-88TRH62" failures="0" tests="1" name="testscripts.Teatcase2" time="13.267" errors="0" timestamp="2022-04-03T16:31:11 IST" skipped="0">
  <testcase classname="testscripts.Teatcase2" name="tc2" time="13.267"/>
  <system-out/>
</testsuite> <!-- testscripts.Teatcase2 -->
