<?xml version="1.0" encoding="UTF-8"?>
<!-- Generated by org.testng.reporters.JUnitReportReporter -->
<testsuite hostname="DESKTOP-88TRH62" failures="0" tests="1" name="testscripts.Testcase3" time="16.689" errors="0" timestamp="2022-04-03T16:29:23 IST" skipped="0">
  <testcase classname="testscripts.Testcase3" name="tc3" time="16.689"/>
  <system-out/>
</testsuite> <!-- testscripts.Testcase3 -->
